<?xml version="1.0" encoding="UTF-8"?>
<testng-results skipped="0" failed="0" total="1" passed="1">
  <reporter-output>
  </reporter-output>
  <suite name="Default suite" duration-ms="62542" started-at="2017-05-23T11:35:47Z" finished-at="2017-05-23T11:36:49Z">
    <groups>
    </groups>
    <test name="Default test" duration-ms="62542" started-at="2017-05-23T11:35:47Z" finished-at="2017-05-23T11:36:49Z">
      <class name="vadtalTesting.DonationReceiptValidation1">
        <test-method status="PASS" signature="setUp()[pri:0, instance:vadtalTesting.DonationReceiptValidation1@1794d431]" name="setUp" is-config="true" duration-ms="15746" started-at="2017-05-23T17:05:47Z" finished-at="2017-05-23T17:06:03Z">
          <reporter-output>
          </reporter-output>
        </test-method> <!-- setUp -->
        <test-method status="PASS" signature="testVadtal()[pri:0, instance:vadtalTesting.DonationReceiptValidation1@1794d431]" name="testVadtal" duration-ms="46664" started-at="2017-05-23T17:06:03Z" finished-at="2017-05-23T17:06:49Z">
          <reporter-output>
          </reporter-output>
        </test-method> <!-- testVadtal -->
        <test-method status="PASS" signature="tearDown()[pri:0, instance:vadtalTesting.DonationReceiptValidation1@1794d431]" name="tearDown" is-config="true" duration-ms="104" started-at="2017-05-23T17:06:49Z" finished-at="2017-05-23T17:06:49Z">
          <reporter-output>
          </reporter-output>
        </test-method> <!-- tearDown -->
      </class> <!-- vadtalTesting.DonationReceiptValidation1 -->
    </test> <!-- Default test -->
  </suite> <!-- Default suite -->
</testng-results>
